<?xml version="1.0" encoding="UTF-8"?>
<!-- Generated by org.testng.reporters.JUnitXMLReporter -->
<testsuite ignored="0" hostname="DESKTOP-6BF1I8Q" failures="0" tests="3" name="Addingtocart" time="84.418" errors="0" timestamp="2021-05-18T12:42:02 IST">
  <testcase classname="Tests.TC006_ProductAddtocart" name="Login" time="13.468"/>
  <testcase classname="Tests.TC006_ProductAddtocart" name="SelectCeilinglights" time="12.222"/>
  <testcase classname="Tests.TC006_ProductAddtocart" name="SelectProduct" time="37.587"/>
</testsuite> <!-- Addingtocart -->
