<?xml version="1.0" encoding="UTF-8"?>
<!-- Generated by org.testng.reporters.JUnitXMLReporter -->
<testsuite ignored="0" hostname="DESKTOP-6BF1I8Q" failures="0" tests="3" name="ProductSelection" time="64.604" errors="0" timestamp="2021-05-18T12:40:37 IST">
  <testcase classname="Tests.TC005_SelectProductfromChandeliers" name="Login" time="13.659"/>
  <testcase classname="Tests.TC005_SelectProductfromChandeliers" name="SelectCeilinglights" time="11.534"/>
  <testcase classname="Tests.TC005_SelectProductfromChandeliers" name="SelectProduct" time="20.444"/>
</testsuite> <!-- ProductSelection -->
